Using pre-set license
Built from '2022.3/staging' branch; Version is '2022.3.11f1 (d00248457e15) revision 13632072'; Using compiler version '192829333'; Build Type 'Release'
OS: 'Windows 11  (10.0.22621) 64bit Core' Language: 'es' Physical Memory: 7514 MB
BatchMode: 1, IsHumanControllingUs: 0, StartBugReporterOnCrash: 0, Is64bit: 1, IsPro: 1

COMMAND LINE ARGUMENTS:
C:\Program Files\Unity\Hub\Editor\2022.3.11f1\Editor\Unity.exe
-adb2
-batchMode
-noUpm
-name
AssetImportWorker1
-projectPath
C:/Users/imano/OneDrive/Documentos/MIX MATERIAS 2023/Github/Videojuego3D_Definitivo/Videojuego3D_Definitivo
-logFile
Logs/AssetImportWorker1.log
-srvPort
53052
Successfully changed project path to: C:/Users/imano/OneDrive/Documentos/MIX MATERIAS 2023/Github/Videojuego3D_Definitivo/Videojuego3D_Definitivo
C:/Users/imano/OneDrive/Documentos/MIX MATERIAS 2023/Github/Videojuego3D_Definitivo/Videojuego3D_Definitivo
[UnityMemory] Configuration Parameters - Can be set up in boot.config
    "memorysetup-bucket-allocator-granularity=16"
    "memorysetup-bucket-allocator-bucket-count=8"
    "memorysetup-bucket-allocator-block-size=33554432"
    "memorysetup-bucket-allocator-block-count=8"
    "memorysetup-main-allocator-block-size=16777216"
    "memorysetup-thread-allocator-block-size=16777216"
    "memorysetup-gfx-main-allocator-block-size=16777216"
    "memorysetup-gfx-thread-allocator-block-size=16777216"
    "memorysetup-cache-allocator-block-size=4194304"
    "memorysetup-typetree-allocator-block-size=2097152"
    "memorysetup-profiler-bucket-allocator-granularity=16"
    "memorysetup-profiler-bucket-allocator-bucket-count=8"
    "memorysetup-profiler-bucket-allocator-block-size=33554432"
    "memorysetup-profiler-bucket-allocator-block-count=8"
    "memorysetup-profiler-allocator-block-size=16777216"
    "memorysetup-profiler-editor-allocator-block-size=1048576"
    "memorysetup-temp-allocator-size-main=16777216"
    "memorysetup-job-temp-allocator-block-size=2097152"
    "memorysetup-job-temp-allocator-block-size-background=1048576"
    "memorysetup-job-temp-allocator-reduction-small-platforms=262144"
    "memorysetup-allocator-temp-initial-block-size-main=262144"
    "memorysetup-allocator-temp-initial-block-size-worker=262144"
    "memorysetup-temp-allocator-size-background-worker=32768"
    "memorysetup-temp-allocator-size-job-worker=262144"
    "memorysetup-temp-allocator-size-preload-manager=33554432"
    "memorysetup-temp-allocator-size-nav-mesh-worker=65536"
    "memorysetup-temp-allocator-size-audio-worker=65536"
    "memorysetup-temp-allocator-size-cloud-worker=32768"
    "memorysetup-temp-allocator-size-gi-baking-worker=262144"
    "memorysetup-temp-allocator-size-gfx=262144"
Player connection [3360] Host "[IP] 192.168.56.1 [Port] 0 [Flags] 2 [Guid] 1358080091 [EditorId] 1358080091 [Version] 1048832 [Id] WindowsEditor(7,LAPTOP-UVKE5MAM) [Debug] 1 [PackageName] WindowsEditor [ProjectName] Editor" joined multi-casting on [225.0.0.222:54997]...

Player connection [3360] Host "[IP] 192.168.56.1 [Port] 0 [Flags] 2 [Guid] 1358080091 [EditorId] 1358080091 [Version] 1048832 [Id] WindowsEditor(7,LAPTOP-UVKE5MAM) [Debug] 1 [PackageName] WindowsEditor [ProjectName] Editor" joined alternative multi-casting on [225.0.0.222:34997]...

[Physics::Module] Initialized MultithreadedJobDispatcher with 11 workers.
Refreshing native plugins compatible for Editor in 13.24 ms, found 3 plugins.
Preloading 0 native plugins for Editor in 0.00 ms.
Initialize engine version: 2022.3.11f1 (d00248457e15)
[Subsystems] Discovering subsystems at path C:/Program Files/Unity/Hub/Editor/2022.3.11f1/Editor/Data/Resources/UnitySubsystems
[Subsystems] Discovering subsystems at path C:/Users/imano/OneDrive/Documentos/MIX MATERIAS 2023/Github/Videojuego3D_Definitivo/Videojuego3D_Definitivo/Assets
GfxDevice: creating device client; threaded=0; jobified=0
Direct3D:
    Version:  Direct3D 11.0 [level 11.1]
    Renderer: AMD Radeon(TM) Graphics (ID=0x164c)
    Vendor:   ATI
    VRAM:     3757 MB
    Driver:   27.20.14064.3
Initialize mono
Mono path[0] = 'C:/Program Files/Unity/Hub/Editor/2022.3.11f1/Editor/Data/Managed'
Mono path[1] = 'C:/Program Files/Unity/Hub/Editor/2022.3.11f1/Editor/Data/MonoBleedingEdge/lib/mono/unityjit-win32'
Mono config path = 'C:/Program Files/Unity/Hub/Editor/2022.3.11f1/Editor/Data/MonoBleedingEdge/etc'
Using monoOptions --debugger-agent=transport=dt_socket,embedding=1,server=y,suspend=n,address=127.0.0.1:56232
Begin MonoManager ReloadAssembly
Registering precompiled unity dll's ...
Register platform support module: C:/Program Files/Unity/Hub/Editor/2022.3.11f1/Editor/Data/PlaybackEngines/WebGLSupport/UnityEditor.WebGL.Extensions.dll
Register platform support module: C:/Program Files/Unity/Hub/Editor/2022.3.11f1/Editor/Data/PlaybackEngines/WindowsStandaloneSupport/UnityEditor.WindowsStandalone.Extensions.dll
Registered in 0.010463 seconds.
- Loaded All Assemblies, in  0.558 seconds
Native extension for WindowsStandalone target not found
Native extension for WebGL target not found
Mono: successfully reloaded assembly
- Finished resetting the current domain, in  0.398 seconds
Domain Reload Profiling: 955ms
	BeginReloadAssembly (170ms)
		ExecutionOrderSort (0ms)
		DisableScriptedObjects (0ms)
		BackupInstance (0ms)
		ReleaseScriptingObjects (0ms)
		CreateAndSetChildDomain (1ms)
	RebuildCommonClasses (51ms)
	RebuildNativeTypeToScriptingClass (15ms)
	initialDomainReloadingComplete (87ms)
	LoadAllAssembliesAndSetupDomain (233ms)
		LoadAssemblies (167ms)
		RebuildTransferFunctionScriptingTraits (0ms)
		AnalyzeDomain (230ms)
			TypeCache.Refresh (228ms)
				TypeCache.ScanAssembly (209ms)
			ScanForSourceGeneratedMonoScriptInfo (1ms)
			ResolveRequiredComponents (1ms)
	FinalizeReload (399ms)
		ReleaseScriptCaches (0ms)
		RebuildScriptCaches (0ms)
		SetupLoadedEditorAssemblies (306ms)
			LogAssemblyErrors (0ms)
			InitializePlatformSupportModulesInManaged (14ms)
			SetLoadedEditorAssemblies (8ms)
			RefreshPlugins (0ms)
			BeforeProcessingInitializeOnLoad (2ms)
			ProcessInitializeOnLoadAttributes (209ms)
			ProcessInitializeOnLoadMethodAttributes (73ms)
			AfterProcessingInitializeOnLoad (0ms)
			EditorAssembliesLoaded (0ms)
		ExecutionOrderSort2 (0ms)
		AwakeInstancesAfterBackupRestoration (0ms)
========================================================================
Worker process is ready to serve import requests
Begin MonoManager ReloadAssembly
- Loaded All Assemblies, in  0.990 seconds
Refreshing native plugins compatible for Editor in 5.24 ms, found 3 plugins.
Native extension for WindowsStandalone target not found
Native extension for WebGL target not found
Package Manager log level set to [2]
[Package Manager] Server::EnsureServerProcessIsRunning -- launch failed, reason: Unity was launched with the -noUpm command-line argument
[Package Manager] UpmClient::Send -- Unable to send message (not connected to UPM process).
[Package Manager] Cannot connect to Unity Package Manager local server
Mono: successfully reloaded assembly
- Finished resetting the current domain, in  0.900 seconds
Domain Reload Profiling: 1888ms
	BeginReloadAssembly (216ms)
		ExecutionOrderSort (0ms)
		DisableScriptedObjects (7ms)
		BackupInstance (0ms)
		ReleaseScriptingObjects (0ms)
		CreateAndSetChildDomain (30ms)
	RebuildCommonClasses (59ms)
	RebuildNativeTypeToScriptingClass (17ms)
	initialDomainReloadingComplete (69ms)
	LoadAllAssembliesAndSetupDomain (625ms)
		LoadAssemblies (480ms)
		RebuildTransferFunctionScriptingTraits (0ms)
		AnalyzeDomain (273ms)
			TypeCache.Refresh (245ms)
				TypeCache.ScanAssembly (222ms)
			ScanForSourceGeneratedMonoScriptInfo (22ms)
			ResolveRequiredComponents (5ms)
	FinalizeReload (902ms)
		ReleaseScriptCaches (0ms)
		RebuildScriptCaches (0ms)
		SetupLoadedEditorAssemblies (665ms)
			LogAssemblyErrors (0ms)
			InitializePlatformSupportModulesInManaged (14ms)
			SetLoadedEditorAssemblies (7ms)
			RefreshPlugins (0ms)
			BeforeProcessingInitializeOnLoad (87ms)
			ProcessInitializeOnLoadAttributes (524ms)
			ProcessInitializeOnLoadMethodAttributes (26ms)
			AfterProcessingInitializeOnLoad (7ms)
			EditorAssembliesLoaded (0ms)
		ExecutionOrderSort2 (0ms)
		AwakeInstancesAfterBackupRestoration (8ms)
Launched and connected shader compiler UnityShaderCompiler.exe after 0.09 seconds
Refreshing native plugins compatible for Editor in 4.26 ms, found 3 plugins.
Preloading 0 native plugins for Editor in 0.00 ms.
Unloading 3081 Unused Serialized files (Serialized files now loaded: 0)
Unloading 32 unused Assets / (56.8 KB). Loaded Objects now: 3542.
Memory consumption went from 120.7 MB to 120.7 MB.
Total: 5.339200 ms (FindLiveObjects: 0.483800 ms CreateObjectMapping: 0.285000 ms MarkObjects: 4.408100 ms  DeleteObjects: 0.159900 ms)

AssetImportParameters requested are different than current active one (requested -> active):
  custom:container-demuxer-ogg: 62fdf1f143b41e24485cea50d1cbac27 -> 
  custom:video-codec-MediaFoundation-h265: 746d11721c4dcdbdad8f713fa42b33f4 -> 
  custom:video-decoder-ogg-theora: a1e56fd34408186e4bbccfd4996cb3dc -> 
  custom:framework-win-MediaFoundation: 216162199b28c13a410421893ffa2e32 -> 
  custom:CustomObjectIndexerAttribute: 756ad292c208cfabdd7b50bc23989ffe -> 
  custom:container-demuxer-webm: 4f35f7cbe854078d1ac9338744f61a02 -> 
  custom:container-muxer-webm: aa71ff27fc2769a1b78a27578f13a17b -> 
  custom:video-decoder-webm-vp8: 9c59270c3fd7afecdb556c50c9e8de78 -> 
  custom:SearchIndexIgnoredProperties: e643bd26f0fe6173181afceb89e7c659 -> 
  custom:AudioImporter_EditorPlatform: d09bf68614088b80899f8185d706f6e7 -> 
  custom:video-encoder-webm-vp8: eb34c28f22e8b96e1ab97ce403110664 -> 
  custom:audio-decoder-ogg-vorbis: bf7c407c2cedff20999df2af8eb42d56 -> 
  custom:audio-encoder-webm-vorbis: bf7c407c2cedff20999df2af8eb42d56 -> 
========================================================================
Received Import Request.
  Time since last request: 697719.043945 seconds.
  path: Assets/3D Platformer/Materials/Grass.mat
  artifactKey: Guid(c773c005d4fd82042965d4ac1d4e4395) Importer(815301076,1909f56bfc062723c751e8b465ee728b)
Start importing Assets/3D Platformer/Materials/Grass.mat using Guid(c773c005d4fd82042965d4ac1d4e4395) Importer(815301076,1909f56bfc062723c751e8b465ee728b)  -> (artifact id: '06899899f60ae5648584f54c5916af42') in 0.269088 seconds
Number of updated asset objects reloaded before import = 0
Number of asset objects unloaded after import = 1
========================================================================
Received Import Request.
  Time since last request: 0.000071 seconds.
  path: Assets/3D Platformer/Materials/CP_Light Off.mat
  artifactKey: Guid(caef6e72a31421d409c93e4c73eead58) Importer(815301076,1909f56bfc062723c751e8b465ee728b)
Start importing Assets/3D Platformer/Materials/CP_Light Off.mat using Guid(caef6e72a31421d409c93e4c73eead58) Importer(815301076,1909f56bfc062723c751e8b465ee728b)  -> (artifact id: '3ad00d9a91ad845a596f4972c0850892') in 0.022092 seconds
Number of updated asset objects reloaded before import = 0
Number of asset objects unloaded after import = 1
========================================================================
Received Import Request.
  Time since last request: 0.000032 seconds.
  path: Assets/3D Platformer/Materials/GroundCold.mat
  artifactKey: Guid(dc88aa145e09a594c9a43bcc36f546ea) Importer(815301076,1909f56bfc062723c751e8b465ee728b)
Start importing Assets/3D Platformer/Materials/GroundCold.mat using Guid(dc88aa145e09a594c9a43bcc36f546ea) Importer(815301076,1909f56bfc062723c751e8b465ee728b)  -> (artifact id: '3e5239af7bd5dd4d482f1646dda6d823') in 0.021654 seconds
Number of updated asset objects reloaded before import = 0
Number of asset objects unloaded after import = 1
========================================================================
Received Import Request.
  Time since last request: 0.000060 seconds.
  path: Assets/3D Platformer/Materials/MapPoint_Edge.mat
  artifactKey: Guid(7bd3da43f9ff5bf4db24b687fb522c70) Importer(815301076,1909f56bfc062723c751e8b465ee728b)
Start importing Assets/3D Platformer/Materials/MapPoint_Edge.mat using Guid(7bd3da43f9ff5bf4db24b687fb522c70) Importer(815301076,1909f56bfc062723c751e8b465ee728b)  -> (artifact id: '8d2d482857610b141b0682a7580c3d4a') in 0.021035 seconds
Number of updated asset objects reloaded before import = 0
Number of asset objects unloaded after import = 1
========================================================================
Received Import Request.
  Time since last request: 0.000152 seconds.
  path: Assets/3D Platformer/Materials/White.mat
  artifactKey: Guid(6c6360a1d55a18041a5190447e93570c) Importer(815301076,1909f56bfc062723c751e8b465ee728b)
Start importing Assets/3D Platformer/Materials/White.mat using Guid(6c6360a1d55a18041a5190447e93570c) Importer(815301076,1909f56bfc062723c751e8b465ee728b)  -> (artifact id: 'b128a7aeca52c76d42f040cefb302be2') in 0.024353 seconds
Number of updated asset objects reloaded before import = 0
Number of asset objects unloaded after import = 1
========================================================================
Received Import Request.
  Time since last request: 0.000201 seconds.
  path: Assets/3D Platformer/Materials/MapPoint_Center_Inactive.mat
  artifactKey: Guid(9a70384d15c6d494f80cc22870df4800) Importer(815301076,1909f56bfc062723c751e8b465ee728b)
Start importing Assets/3D Platformer/Materials/MapPoint_Center_Inactive.mat using Guid(9a70384d15c6d494f80cc22870df4800) Importer(815301076,1909f56bfc062723c751e8b465ee728b)  -> (artifact id: '7339933e993e59a2b685e99a34159ec5') in 0.020902 seconds
Number of updated asset objects reloaded before import = 0
Number of asset objects unloaded after import = 1
========================================================================
Received Import Request.
  Time since last request: 0.000027 seconds.
  path: Assets/3D Platformer/Materials/CP_Metal.mat
  artifactKey: Guid(e5f5a10a798c4444fb11b1227fbf58ad) Importer(815301076,1909f56bfc062723c751e8b465ee728b)
Start importing Assets/3D Platformer/Materials/CP_Metal.mat using Guid(e5f5a10a798c4444fb11b1227fbf58ad) Importer(815301076,1909f56bfc062723c751e8b465ee728b)  -> (artifact id: '026279ce4879e42ffedaceaeed261298') in 0.017084 seconds
Number of updated asset objects reloaded before import = 0
Number of asset objects unloaded after import = 1
========================================================================
Received Import Request.
  Time since last request: 0.000028 seconds.
  path: Assets/3D Platformer/Materials/Cloud.mat
  artifactKey: Guid(aa526ad6f8190e047889ab6c139fedaf) Importer(815301076,1909f56bfc062723c751e8b465ee728b)
Start importing Assets/3D Platformer/Materials/Cloud.mat using Guid(aa526ad6f8190e047889ab6c139fedaf) Importer(815301076,1909f56bfc062723c751e8b465ee728b)  -> (artifact id: 'ed0c018f309357278eb28b32998eef8d') in 0.018566 seconds
Number of updated asset objects reloaded before import = 0
Number of asset objects unloaded after import = 1
========================================================================
Received Import Request.
  Time since last request: 0.000127 seconds.
  path: Assets/3D Platformer/Materials/Player_Black.mat
  artifactKey: Guid(397c413362fc7364da7e06ede14aa944) Importer(815301076,1909f56bfc062723c751e8b465ee728b)
Start importing Assets/3D Platformer/Materials/Player_Black.mat using Guid(397c413362fc7364da7e06ede14aa944) Importer(815301076,1909f56bfc062723c751e8b465ee728b)  -> (artifact id: '81b56ac595a366a4d62cb96c839f801a') in 0.019472 seconds
Number of updated asset objects reloaded before import = 0
Number of asset objects unloaded after import = 1
========================================================================
Received Import Request.
  Time since last request: 0.000071 seconds.
  path: Assets/3D Platformer/Materials/CP_Light On.mat
  artifactKey: Guid(9317f495ea34f7a4cae720ed298991a4) Importer(815301076,1909f56bfc062723c751e8b465ee728b)
Start importing Assets/3D Platformer/Materials/CP_Light On.mat using Guid(9317f495ea34f7a4cae720ed298991a4) Importer(815301076,1909f56bfc062723c751e8b465ee728b)  -> (artifact id: '0ae6618c4e47195b432a9f9c334d171a') in 0.023688 seconds
Number of updated asset objects reloaded before import = 0
Number of asset objects unloaded after import = 1
========================================================================
Received Import Request.
  Time since last request: 0.000031 seconds.
  path: Assets/3D Platformer/Materials/GreenPipe.mat
  artifactKey: Guid(bd3955724513dfc4b88c3d0ef695b1ff) Importer(815301076,1909f56bfc062723c751e8b465ee728b)
Start importing Assets/3D Platformer/Materials/GreenPipe.mat using Guid(bd3955724513dfc4b88c3d0ef695b1ff) Importer(815301076,1909f56bfc062723c751e8b465ee728b)  -> (artifact id: '3d8985e008664a9b00a1cf77136cb822') in 0.020764 seconds
Number of updated asset objects reloaded before import = 0
Number of asset objects unloaded after import = 1
========================================================================
Received Import Request.
  Time since last request: 0.000056 seconds.
  path: Assets/3D Platformer/Materials/Snow.mat
  artifactKey: Guid(961bd2256fd6c4448a18c0b54b623bb2) Importer(815301076,1909f56bfc062723c751e8b465ee728b)
Start importing Assets/3D Platformer/Materials/Snow.mat using Guid(961bd2256fd6c4448a18c0b54b623bb2) Importer(815301076,1909f56bfc062723c751e8b465ee728b)  -> (artifact id: 'e890c1eda60725f232eb80af2a04a400') in 0.019019 seconds
Number of updated asset objects reloaded before import = 0
Number of asset objects unloaded after import = 1
========================================================================
Received Import Request.
  Time since last request: 0.000053 seconds.
  path: Assets/3D Platformer/Materials/Boss_Main.mat
  artifactKey: Guid(fe1454405cb412342a62a5e3d354af17) Importer(815301076,1909f56bfc062723c751e8b465ee728b)
Start importing Assets/3D Platformer/Materials/Boss_Main.mat using Guid(fe1454405cb412342a62a5e3d354af17) Importer(815301076,1909f56bfc062723c751e8b465ee728b)  -> (artifact id: '914a60973296ed29606125429167129d') in 0.020002 seconds
Number of updated asset objects reloaded before import = 0
Number of asset objects unloaded after import = 1
========================================================================
Received Import Request.
  Time since last request: 0.000026 seconds.
  path: Assets/3D Platformer/Materials/Boss_Secondary.mat
  artifactKey: Guid(4c418feed99a9ec45ae8c56305184f95) Importer(815301076,1909f56bfc062723c751e8b465ee728b)
Start importing Assets/3D Platformer/Materials/Boss_Secondary.mat using Guid(4c418feed99a9ec45ae8c56305184f95) Importer(815301076,1909f56bfc062723c751e8b465ee728b)  -> (artifact id: 'a9640acea68772e250efaa85eb523012') in 0.019268 seconds
Number of updated asset objects reloaded before import = 0
Number of asset objects unloaded after import = 1
========================================================================
Received Import Request.
  Time since last request: 0.000059 seconds.
  path: Assets/3D Platformer/Materials/woodDark.mat
  artifactKey: Guid(6571e5eac78f7f346bdfe21f5754c101) Importer(815301076,1909f56bfc062723c751e8b465ee728b)
Start importing Assets/3D Platformer/Materials/woodDark.mat using Guid(6571e5eac78f7f346bdfe21f5754c101) Importer(815301076,1909f56bfc062723c751e8b465ee728b)  -> (artifact id: '84e46c00f73693e3738bb848d881954f') in 0.020894 seconds
Number of updated asset objects reloaded before import = 0
Number of asset objects unloaded after import = 1
========================================================================
Received Import Request.
  Time since last request: 0.000030 seconds.
  path: Assets/3D Platformer/Materials/metal.mat
  artifactKey: Guid(67e0751a486618c448c6a2c9aa6da18f) Importer(815301076,1909f56bfc062723c751e8b465ee728b)
Start importing Assets/3D Platformer/Materials/metal.mat using Guid(67e0751a486618c448c6a2c9aa6da18f) Importer(815301076,1909f56bfc062723c751e8b465ee728b)  -> (artifact id: 'cdfde1f70569011a4d8843e2707df025') in 0.019177 seconds
Number of updated asset objects reloaded before import = 0
Number of asset objects unloaded after import = 1
========================================================================
Received Import Request.
  Time since last request: 0.000043 seconds.
  path: Assets/3D Platformer/Materials/rock.mat
  artifactKey: Guid(b3e7989bdfcb040428df3ad84430b5b0) Importer(815301076,1909f56bfc062723c751e8b465ee728b)
Start importing Assets/3D Platformer/Materials/rock.mat using Guid(b3e7989bdfcb040428df3ad84430b5b0) Importer(815301076,1909f56bfc062723c751e8b465ee728b)  -> (artifact id: '786adc967b4cb754c733c903eb134ba0') in 0.021290 seconds
Number of updated asset objects reloaded before import = 0
Number of asset objects unloaded after import = 1
========================================================================
Received Import Request.
  Time since last request: 0.000043 seconds.
  path: Assets/3D Platformer/Materials/Boss_Metal.mat
  artifactKey: Guid(256d9415726f7b047a99833695cbe396) Importer(815301076,1909f56bfc062723c751e8b465ee728b)
Start importing Assets/3D Platformer/Materials/Boss_Metal.mat using Guid(256d9415726f7b047a99833695cbe396) Importer(815301076,1909f56bfc062723c751e8b465ee728b)  -> (artifact id: '50d28117358489f42e3d32ef26fe0217') in 0.020867 seconds
Number of updated asset objects reloaded before import = 0
Number of asset objects unloaded after import = 1
========================================================================
Received Import Request.
  Time since last request: 0.000027 seconds.
  path: Assets/3D Platformer
  artifactKey: Guid(f81b88197cc69444c807a560832358c2) Importer(815301076,1909f56bfc062723c751e8b465ee728b)
Start importing Assets/3D Platformer using Guid(f81b88197cc69444c807a560832358c2) Importer(815301076,1909f56bfc062723c751e8b465ee728b)  -> (artifact id: '6f3a173926ab87ec65d14156f8ae3887') in 0.001004 seconds
Number of updated asset objects reloaded before import = 0
Number of asset objects unloaded after import = 0
========================================================================
Received Import Request.
  Time since last request: 0.000133 seconds.
  path: Assets/3D Platformer/Materials/Boss_Glow.mat
  artifactKey: Guid(bb846039549dd374485f4ccbede2ad8f) Importer(815301076,1909f56bfc062723c751e8b465ee728b)
Start importing Assets/3D Platformer/Materials/Boss_Glow.mat using Guid(bb846039549dd374485f4ccbede2ad8f) Importer(815301076,1909f56bfc062723c751e8b465ee728b)  -> (artifact id: 'f3b8c3e4296964b0fa057852c617cddd') in 0.018791 seconds
Number of updated asset objects reloaded before import = 0
Number of asset objects unloaded after import = 1
========================================================================
Received Import Request.
  Time since last request: 0.000031 seconds.
  path: Assets/3D Platformer/Materials/Red.mat
  artifactKey: Guid(7aeaef2289d1f57408bfc8e4dfbc52e8) Importer(815301076,1909f56bfc062723c751e8b465ee728b)
Start importing Assets/3D Platformer/Materials/Red.mat using Guid(7aeaef2289d1f57408bfc8e4dfbc52e8) Importer(815301076,1909f56bfc062723c751e8b465ee728b)  -> (artifact id: '9243601533a0e8ba4b014a1a9abda7d2') in 0.017096 seconds
Number of updated asset objects reloaded before import = 0
Number of asset objects unloaded after import = 1
========================================================================
Received Import Request.
  Time since last request: 0.000021 seconds.
  path: Assets/3D Platformer/Materials/wood.mat
  artifactKey: Guid(43e122bddb780284fb4926b349f5eb67) Importer(815301076,1909f56bfc062723c751e8b465ee728b)
Start importing Assets/3D Platformer/Materials/wood.mat using Guid(43e122bddb780284fb4926b349f5eb67) Importer(815301076,1909f56bfc062723c751e8b465ee728b)  -> (artifact id: 'f895bc1f36ad593975af147e301f0221') in 0.019879 seconds
Number of updated asset objects reloaded before import = 0
Number of asset objects unloaded after import = 1
========================================================================
Received Import Request.
  Time since last request: 0.000028 seconds.
  path: Assets/3D Platformer/Materials/Ground.mat
  artifactKey: Guid(26fcb4e738544ce4dadc04ed6c21d4d4) Importer(815301076,1909f56bfc062723c751e8b465ee728b)
Start importing Assets/3D Platformer/Materials/Ground.mat using Guid(26fcb4e738544ce4dadc04ed6c21d4d4) Importer(815301076,1909f56bfc062723c751e8b465ee728b)  -> (artifact id: '7fb7cbe05d09f00ee1c573a3af8143bc') in 0.017850 seconds
Number of updated asset objects reloaded before import = 0
Number of asset objects unloaded after import = 1
Editor requested this worker to shutdown with reason: Scaling down because of idle timeout
TcpMessagingSession - receive error: operation aborted. errorcode: 995, details: La operación de E/S se anuló por una salida de subproceso o por una solicitud de aplicación.
AssetImportWorker is now disconnected from the server
Process exiting
Exiting without the bug reporter. Application will terminate with return code 0